<?xml version="1.0" encoding="UTF-8" ?>
<testsuites errors="1"
            failures="1"
            tests="6">

  <testsuite name="file.save_file"
    errors="1" failures="1" hostname="" id="" package="file.save_file" skipped="3"
    tests="6" time="0.000" timestamp="Wed, 30 Sep 2015 16:40:22 GMT">
  
    <testcase name="goorm_login" time="50.55" assertions="8">

    

    

    

    

    

    

    

    
    </testcase>
      <system-err>
        Unable to locate element: &quot;#file_open_files [filename=&quot;test_file&quot;]&quot; using: css selector
      </system-err>
  
    <testcase name="project_open" time="5.705" assertions="3">

    

    

    
    </testcase>
      <system-err>
        Unable to locate element: &quot;#file_open_files [filename=&quot;test_file&quot;]&quot; using: css selector
      </system-err>
  
    <testcase name="file_open_file_from_toolbar" time="21.75" assertions="3">

      <failure message="Timed out while waiting for element &lt;#file_open_files [filename=&quot;test_file&quot;]&gt; to be present for 8000 milliseconds.">    at Object.exports.command (C:\Users\K1\projects\goorm-test\commands\open_file.js:11:5)
    at Object.F.command (C:\Users\K1\AppData\Roaming\npm\node_modules\nightwatch\lib\core\api.js:274:31)
    at Object.commandFn (C:\Users\K1\AppData\Roaming\npm\node_modules\nightwatch\lib\core\api.js:287:24)
    at AsyncTree.runCommand (C:\Users\K1\AppData\Roaming\npm\node_modules\nightwatch\lib\core\queue.js:157:30)
    at AsyncTree.runChildNode (C:\Users\K1\AppData\Roaming\npm\node_modules\nightwatch\lib\core\queue.js:117:8)
    at AsyncTree.walkDown (C:\Users\K1\AppData\Roaming\npm\node_modules\nightwatch\lib\core\queue.js:83:10)
    at AsyncTree.traverse (C:\Users\K1\AppData\Roaming\npm\node_modules\nightwatch\lib\core\queue.js:71:10)
    at queueRunner [as run] (C:\Users\K1\AppData\Roaming\npm\node_modules\nightwatch\lib\core\queue.js:218:18)</failure>

      <failure message="Timed out while waiting for element &lt;div.ui-dialog&gt; to be present for 5000 milliseconds.">    at Object.exports.command (C:\Users\K1\projects\goorm-test\commands\open_file.js:20:4)
    at Object.F.command (C:\Users\K1\AppData\Roaming\npm\node_modules\nightwatch\lib\core\api.js:274:31)
    at Object.commandFn (C:\Users\K1\AppData\Roaming\npm\node_modules\nightwatch\lib\core\api.js:287:24)
    at AsyncTree.runCommand (C:\Users\K1\AppData\Roaming\npm\node_modules\nightwatch\lib\core\queue.js:157:30)
    at AsyncTree.runChildNode (C:\Users\K1\AppData\Roaming\npm\node_modules\nightwatch\lib\core\queue.js:117:8)
    at AsyncTree.walkDown (C:\Users\K1\AppData\Roaming\npm\node_modules\nightwatch\lib\core\queue.js:83:10)
    at AsyncTree.traverse (C:\Users\K1\AppData\Roaming\npm\node_modules\nightwatch\lib\core\queue.js:71:10)
    at queueRunner [as run] (C:\Users\K1\AppData\Roaming\npm\node_modules\nightwatch\lib\core\queue.js:218:18)</failure>

    
    </testcase>
      <system-err>
        Unable to locate element: &quot;#file_open_files [filename=&quot;test_file&quot;]&quot; using: css selector
      </system-err>
  
  
    
    <testcase
      name="file_save_from_toolbar">
      <skipped />
    </testcase>
    
    <testcase
      name="file_save_from_menu">
      <skipped />
    </testcase>
    
    <testcase
      name="file_save_file_as">
      <skipped />
    </testcase>
    
  
  </testsuite>
</testsuites>
